2023-08-28 18:50:32 INFO o.s.b.StartupInfoLogger [main] Starting SchoolApplication using Java 17.0.6 with PID 25140 (C:\workspace\SchoolConsoleAppConsoleMenu\target\classes started by ChAn in C:\workspace\SchoolConsoleAppConsoleMenu)
2023-08-28 18:50:32 DEBUG o.s.b.StartupInfoLogger [main] Running with Spring Boot v3.1.1, Spring v6.0.10
2023-08-28 18:50:32 INFO o.s.b.SpringApplication [main] No active profile set, falling back to 1 default profile: "default"
2023-08-28 18:50:32 INFO c.z.h.HikariDataSource [main] HikariPool-1 - Starting...
2023-08-28 18:50:33 INFO c.z.h.p.HikariPool [main] HikariPool-1 - Added connection org.postgresql.jdbc.PgConnection@775594f2
2023-08-28 18:50:33 INFO c.z.h.HikariDataSource [main] HikariPool-1 - Start completed.
2023-08-28 18:50:33 INFO o.s.b.StartupInfoLogger [main] Started SchoolApplication in 1.601 seconds (process running for 2.014)
2023-08-28 18:52:31 INFO o.s.b.StartupInfoLogger [main] Starting FrontControllerTest using Java 17.0.6 with PID 12536 (started by ChAn in C:\workspace\SchoolConsoleAppConsoleMenu)
2023-08-28 18:52:31 DEBUG o.s.b.StartupInfoLogger [main] Running with Spring Boot v3.1.1, Spring v6.0.10
2023-08-28 18:52:31 INFO o.s.b.SpringApplication [main] No active profile set, falling back to 1 default profile: "default"
2023-08-28 18:52:34 INFO o.s.b.StartupInfoLogger [main] Started FrontControllerTest in 3.773 seconds (process running for 6.367)
2023-08-28 18:52:35 INFO o.t.u.ImageNameSubstitutor [main] Image name substitution will be performed by: DefaultImageNameSubstitutor (composite of 'ConfigurationFileImageNameSubstitutor' and 'PrefixingImageNameSubstitutor')
2023-08-28 18:52:35 INFO o.s.b.StartupInfoLogger [main] Starting CourseDaoImplTest using Java 17.0.6 with PID 12536 (started by ChAn in C:\workspace\SchoolConsoleAppConsoleMenu)
2023-08-28 18:52:35 DEBUG o.s.b.StartupInfoLogger [main] Running with Spring Boot v3.1.1, Spring v6.0.10
2023-08-28 18:52:35 INFO o.s.b.SpringApplication [main] The following 1 profile is active: "test"
2023-08-28 18:52:36 INFO c.z.h.HikariDataSource [main] HikariPool-1 - Starting...
2023-08-28 18:52:37 INFO o.t.d.DockerClientProviderStrategy [main] Loaded org.testcontainers.dockerclient.NpipeSocketClientProviderStrategy from ~/.testcontainers.properties, will try it first
2023-08-28 18:52:38 INFO o.t.d.DockerClientProviderStrategy [main] Found Docker environment with local Npipe socket (npipe:////./pipe/docker_engine)
2023-08-28 18:52:38 INFO o.t.DockerClientFactory [main] Docker host IP address is localhost
2023-08-28 18:52:38 INFO o.t.DockerClientFactory [main] Connected to docker: 
  Server Version: 24.0.2
  API Version: 1.43
  Operating System: Docker Desktop
  Total Memory: 7867 MB
2023-08-28 18:52:38 INFO o.t.c.GenericContainer [main] Creating container for image: testcontainers/ryuk:0.5.1
2023-08-28 18:52:39 INFO o.t.u.RegistryAuthLocator [main] Credential helper/store (docker-credential-desktop) does not have credentials for https://index.docker.io/v1/
2023-08-28 18:52:39 INFO o.t.c.GenericContainer [main] Container testcontainers/ryuk:0.5.1 is starting: f00620797a55c8919aa4987bc7332c1411b53c5ec5908cbf18c1a5f99797a132
2023-08-28 18:52:40 INFO o.t.c.GenericContainer [main] Container testcontainers/ryuk:0.5.1 started in PT2.0733982S
2023-08-28 18:52:40 INFO o.t.u.RyukResourceReaper [main] Ryuk started - will monitor and terminate Testcontainers containers on JVM exit
2023-08-28 18:52:40 INFO o.t.DockerClientFactory [main] Checking the system...
2023-08-28 18:52:40 INFO o.t.DockerClientFactory [main] ?? Docker server version should be at least 1.6.0
2023-08-28 18:52:40 INFO o.t.c.GenericContainer [main] Creating container for image: postgres:15.2
2023-08-28 18:52:40 WARN o.t.c.GenericContainer [main] Reuse was requested but the environment does not support the reuse of containers
To enable reuse of containers, you must set 'testcontainers.reuse.enable=true' in a file located at C:\Users\comfy\.testcontainers.properties
2023-08-28 18:52:41 INFO o.t.c.GenericContainer [main] Container postgres:15.2 is starting: 94c96934b1ca976b8681a84991facc17d6f645b488ba7fffc5186b270adcc1ec
2023-08-28 18:52:42 INFO o.t.c.GenericContainer [main] Container postgres:15.2 started in PT1.7202392S
2023-08-28 18:52:42 INFO o.t.c.JdbcDatabaseContainer [main] Container is started (JDBC URL: jdbc:postgresql://localhost:59861/test?loggerLevel=OFF)
2023-08-28 18:52:43 INFO c.z.h.p.HikariPool [main] HikariPool-1 - Added connection org.testcontainers.jdbc.ConnectionWrapper@17dee9f9
2023-08-28 18:52:43 INFO c.z.h.HikariDataSource [main] HikariPool-1 - Start completed.
2023-08-28 18:52:43 INFO o.f.c.i.l.s.Slf4jLog [main] Flyway Community Edition 9.16.3 by Redgate
2023-08-28 18:52:43 INFO o.f.c.i.l.s.Slf4jLog [main] See release notes here: https://rd.gt/416ObMi
2023-08-28 18:52:43 INFO o.f.c.i.l.s.Slf4jLog [main] 
2023-08-28 18:52:43 INFO o.f.c.i.l.s.Slf4jLog [main] Database: jdbc:postgresql://localhost:59861/test (PostgreSQL 15.2)
2023-08-28 18:52:43 INFO o.f.c.i.l.s.Slf4jLog [main] Schema history table "public"."flyway_schema_history" does not exist yet
2023-08-28 18:52:43 INFO o.f.c.i.l.s.Slf4jLog [main] Successfully validated 0 migrations (execution time 00:00.024s)
2023-08-28 18:52:43 WARN o.f.c.i.l.s.Slf4jLog [main] No migrations found. Are your locations set up correctly?
2023-08-28 18:52:43 INFO o.f.c.i.l.s.Slf4jLog [main] Creating Schema History table "public"."flyway_schema_history" ...
2023-08-28 18:52:43 INFO o.f.c.i.l.s.Slf4jLog [main] Current version of schema "public": << Empty Schema >>
2023-08-28 18:52:43 INFO o.f.c.i.l.s.Slf4jLog [main] Schema "public" is up to date. No migration necessary.
2023-08-28 18:52:43 INFO o.s.b.StartupInfoLogger [main] Started CourseDaoImplTest in 8.567 seconds (process running for 15.62)
2023-08-28 18:52:48 INFO o.s.b.StartupInfoLogger [main] Starting StudentServiceImplTest using Java 17.0.6 with PID 12536 (started by ChAn in C:\workspace\SchoolConsoleAppConsoleMenu)
2023-08-28 18:52:48 DEBUG o.s.b.StartupInfoLogger [main] Running with Spring Boot v3.1.1, Spring v6.0.10
2023-08-28 18:52:48 INFO o.s.b.SpringApplication [main] No active profile set, falling back to 1 default profile: "default"
2023-08-28 18:52:48 INFO o.s.b.StartupInfoLogger [main] Started StudentServiceImplTest in 0.389 seconds (process running for 20.264)
2023-08-28 18:52:48 INFO o.s.b.StartupInfoLogger [main] Starting UserServiceImplTest using Java 17.0.6 with PID 12536 (started by ChAn in C:\workspace\SchoolConsoleAppConsoleMenu)
2023-08-28 18:52:48 DEBUG o.s.b.StartupInfoLogger [main] Running with Spring Boot v3.1.1, Spring v6.0.10
2023-08-28 18:52:48 INFO o.s.b.SpringApplication [main] No active profile set, falling back to 1 default profile: "default"
2023-08-28 18:52:48 INFO o.s.b.StartupInfoLogger [main] Started UserServiceImplTest in 0.185 seconds (process running for 20.499)
2023-08-28 18:52:48 INFO c.z.h.HikariDataSource [SpringApplicationShutdownHook] HikariPool-1 - Shutdown initiated...
2023-08-28 18:52:49 INFO c.z.h.HikariDataSource [SpringApplicationShutdownHook] HikariPool-1 - Shutdown completed.
